<?xml version="1.0" encoding="UTF-8"?>
<testsuite xmlns:xsi="http://www.w3.org/2001/XMLSchema-instance" xsi:noNamespaceSchemaLocation="https://maven.apache.org/surefire/maven-surefire-plugin/xsd/surefire-test-report.xsd" version="3.0.2" name="com.example.screenplay.service.TextReplaceServiceTest" time="0.282" tests="5" errors="0" skipped="0" failures="0">
  <properties>
[...]
</properties>
  <testcase name="shouldHandleMixedText" classname="com.example.screenplay.service.TextReplaceServiceTest" time="0.259"/>
  <testcase name="shouldReturnBadRequestForLengthLessThan2" classname="com.example.screenplay.service.TextReplaceServiceTest" time="0.01">
    <system-out><![CDATA[2026-06-13T16:40:44.592+02:00  WARN 465942 --- [screenplay-assignment] [           main] c.e.s.service.TextReplaceService         : Text too short for replacement: length = 0
2026-06-13T16:40:44.597+02:00  WARN 465942 --- [screenplay-assignment] [           main] c.e.s.service.TextReplaceService         : Text too short for replacement: length = 1
]]></system-out>
  </testcase>
  <testcase name="shouldReplaceFirstAndLastForLengthGreaterThan2" classname="com.example.screenplay.service.TextReplaceServiceTest" time="0.003"/>
  <testcase name="shouldReturnBadRequestForNull" classname="com.example.screenplay.service.TextReplaceServiceTest" time="0.003">
    <system-out><![CDATA[2026-06-13T16:40:44.605+02:00  WARN 465942 --- [screenplay-assignment] [           main] c.e.s.service.TextReplaceService         : Null text provided for replacement
]]></system-out>
  </testcase>
  <testcase name="shouldReturnEmptyForLength2" classname="com.example.screenplay.service.TextReplaceServiceTest" time="0.002"/>
</testsuite>